<?xml version="1.0" encoding="UTF-8"?>
<testng-results ignored="0" total="1" passed="0" failed="1" skipped="0">
  <reporter-output>
  </reporter-output>
  <suite started-at="2024-09-22T16:20:13 IST" name="Web Auto Allure report" finished-at="2024-09-22T16:20:18 IST" duration-ms="5647">
    <groups>
    </groups>
    <test started-at="2024-09-22T16:20:13 IST" name="sample web tests" finished-at="2024-09-22T16:20:18 IST" duration-ms="5647">
      <class name="allureReportPractice.practice.LaunchBrowser">
        <test-method is-config="true" signature="launchBrowser()[pri:0, instance:allureReportPractice.practice.LaunchBrowser@2668c286]" started-at="2024-09-22T16:20:13 IST" name="launchBrowser" finished-at="2024-09-22T16:20:16 IST" duration-ms="3228" status="PASS">
          <reporter-output>
          </reporter-output>
        </test-method> <!-- launchBrowser -->
        <test-method is-config="true" signature="beforeMethod()[pri:0, instance:allureReportPractice.practice.LaunchBrowser@2668c286]" started-at="2024-09-22T16:20:16 IST" name="beforeMethod" finished-at="2024-09-22T16:20:16 IST" duration-ms="1" status="PASS">
          <reporter-output>
          </reporter-output>
        </test-method> <!-- beforeMethod -->
        <test-method signature="test1()[pri:0, instance:allureReportPractice.practice.LaunchBrowser@2668c286]" started-at="2024-09-22T16:20:16 IST" name="test1" description="Launch Browser" finished-at="2024-09-22T16:20:16 IST" duration-ms="114" status="FAIL">
          <exception class="org.openqa.selenium.NoSuchElementException">
            <message>
              <![CDATA[Cannot locate an element using [unknown locator]
For documentation on this error, please visit: https://www.selenium.dev/documentation/webdriver/troubleshooting/errors#no-such-element-exception
Build info: version: '4.24.0', revision: '748ffc9bc3'
System info: os.name: 'Mac OS X', os.arch: 'x86_64', os.version: '14.7', java.version: '21.0.2'
Driver info: driver.version: RemoteWebDriver]]>
            </message>
            <full-stacktrace>
              <![CDATA[org.openqa.selenium.NoSuchElementException: Cannot locate an element using [unknown locator]
For documentation on this error, please visit: https://www.selenium.dev/documentation/webdriver/troubleshooting/errors#no-such-element-exception
Build info: version: '4.24.0', revision: '748ffc9bc3'
System info: os.name: 'Mac OS X', os.arch: 'x86_64', os.version: '14.7', java.version: '21.0.2'
Driver info: driver.version: RemoteWebDriver
at org.openqa.selenium.By.findElement(By.java:124)
at org.openqa.selenium.remote.ElementLocation$ElementFinder$1.findElement(ElementLocation.java:139)
at org.openqa.selenium.remote.ElementLocation.findElement(ElementLocation.java:81)
at org.openqa.selenium.remote.RemoteWebDriver.findElement(RemoteWebDriver.java:368)
at org.openqa.selenium.remote.RemoteWebDriver.findElement(RemoteWebDriver.java:362)
at allureReportPractice.practice.LaunchBrowser.test1(LaunchBrowser.java:20)
at java.base/jdk.internal.reflect.DirectMethodHandleAccessor.invoke(DirectMethodHandleAccessor.java:103)
at java.base/java.lang.reflect.Method.invoke(Method.java:580)
at org.testng.internal.invokers.MethodInvocationHelper.invokeMethod(MethodInvocationHelper.java:141)
at org.testng.internal.invokers.TestInvoker.invokeMethod(TestInvoker.java:686)
at org.testng.internal.invokers.TestInvoker.invokeTestMethod(TestInvoker.java:230)
at org.testng.internal.invokers.MethodRunner.runInSequence(MethodRunner.java:63)
at org.testng.internal.invokers.TestInvoker$MethodInvocationAgent.invoke(TestInvoker.java:992)
at org.testng.internal.invokers.TestInvoker.invokeTestMethods(TestInvoker.java:203)
at org.testng.internal.invokers.TestMethodWorker.invokeTestMethods(TestMethodWorker.java:154)
at org.testng.internal.invokers.TestMethodWorker.run(TestMethodWorker.java:134)
at java.base/java.util.ArrayList.forEach(ArrayList.java:1596)
at org.testng.TestRunner.privateRun(TestRunner.java:739)
at org.testng.TestRunner.run(TestRunner.java:614)
at org.testng.SuiteRunner.runTest(SuiteRunner.java:421)
at org.testng.SuiteRunner.runSequentially(SuiteRunner.java:413)
at org.testng.SuiteRunner.privateRun(SuiteRunner.java:373)
at org.testng.SuiteRunner.run(SuiteRunner.java:312)
at org.testng.SuiteRunnerWorker.runSuite(SuiteRunnerWorker.java:52)
at org.testng.SuiteRunnerWorker.run(SuiteRunnerWorker.java:95)
at org.testng.TestNG.runSuitesSequentially(TestNG.java:1274)
at org.testng.TestNG.runSuitesLocally(TestNG.java:1208)
at org.testng.TestNG.runSuites(TestNG.java:1112)
at org.testng.TestNG.run(TestNG.java:1079)
at org.apache.maven.surefire.testng.TestNGExecutor.run(TestNGExecutor.java:284)
at org.apache.maven.surefire.testng.TestNGXmlTestSuite.execute(TestNGXmlTestSuite.java:75)
at org.apache.maven.surefire.testng.TestNGProvider.invoke(TestNGProvider.java:119)
at org.apache.maven.surefire.booter.ForkedBooter.runSuitesInProcess(ForkedBooter.java:428)
at org.apache.maven.surefire.booter.ForkedBooter.execute(ForkedBooter.java:162)
at org.apache.maven.surefire.booter.ForkedBooter.run(ForkedBooter.java:562)
at org.apache.maven.surefire.booter.ForkedBooter.main(ForkedBooter.java:548)
]]>
            </full-stacktrace>
          </exception> <!-- org.openqa.selenium.NoSuchElementException -->
          <reporter-output>
          </reporter-output>
        </test-method> <!-- test1 -->
        <test-method is-config="true" signature="afterMethod()[pri:0, instance:allureReportPractice.practice.LaunchBrowser@2668c286]" started-at="2024-09-22T16:20:17 IST" name="afterMethod" finished-at="2024-09-22T16:20:18 IST" duration-ms="581" status="PASS">
          <reporter-output>
          </reporter-output>
        </test-method> <!-- afterMethod -->
        <test-method is-config="true" signature="quitDriver()[pri:0, instance:allureReportPractice.practice.LaunchBrowser@2668c286]" started-at="2024-09-22T16:20:18 IST" name="quitDriver" finished-at="2024-09-22T16:20:18 IST" duration-ms="172" status="PASS">
          <reporter-output>
          </reporter-output>
        </test-method> <!-- quitDriver -->
      </class> <!-- allureReportPractice.practice.LaunchBrowser -->
    </test> <!-- sample web tests -->
  </suite> <!-- Web Auto Allure report -->
</testng-results>
